[38;5;6mspark [38;5;5m15:20:02.54 [0m[38;5;2mINFO [0m ==> 
[38;5;6mspark [38;5;5m15:20:02.54 [0m[38;5;2mINFO [0m ==> [1mWelcome to the Bitnami spark container[0m
[38;5;6mspark [38;5;5m15:20:02.54 [0m[38;5;2mINFO [0m ==> Subscribe to project updates by watching [1mhttps://github.com/bitnami/containers[0m
[38;5;6mspark [38;5;5m15:20:02.54 [0m[38;5;2mINFO [0m ==> Submit issues and feature requests at [1mhttps://github.com/bitnami/containers/issues[0m
[38;5;6mspark [38;5;5m15:20:02.54 [0m[38;5;2mINFO [0m ==> 


============================================================
Starting 1DN_Base
Optimization: OFF
============================================================

 INITIAL MEMORY STATE:
   Process memory: 37.29 MB
System memory: 1444.31 MB / 7794.21 MB (18.5%)
26/04/07 15:20:04 INFO SparkContext: Running Spark version 3.5.0
26/04/07 15:20:04 INFO SparkContext: OS info Linux, 6.6.87.2-microsoft-standard-WSL2, amd64
26/04/07 15:20:04 INFO SparkContext: Java version 17.0.10
26/04/07 15:20:04 INFO ResourceUtils: ==============================================================
26/04/07 15:20:04 INFO ResourceUtils: No custom resources configured for spark.driver.
26/04/07 15:20:04 INFO ResourceUtils: ==============================================================
26/04/07 15:20:04 INFO SparkContext: Submitted application: 1DN_Base
26/04/07 15:20:04 INFO ResourceProfile: Default ResourceProfile created, executor resources: Map(cores -> name: cores, amount: 1, script: , vendor: , memory -> name: memory, amount: 1024, script: , vendor: , offHeap -> name: offHeap, amount: 0, script: , vendor: ), task resources: Map(cpus -> name: cpus, amount: 1.0)
26/04/07 15:20:04 INFO ResourceProfile: Limiting resource is cpu
26/04/07 15:20:04 INFO ResourceProfileManager: Added ResourceProfile id: 0
26/04/07 15:20:04 INFO SecurityManager: Changing view acls to: spark
26/04/07 15:20:04 INFO SecurityManager: Changing modify acls to: spark
26/04/07 15:20:04 INFO SecurityManager: Changing view acls groups to: 
26/04/07 15:20:04 INFO SecurityManager: Changing modify acls groups to: 
26/04/07 15:20:04 INFO SecurityManager: SecurityManager: authentication disabled; ui acls disabled; users with view permissions: spark; groups with view permissions: EMPTY; users with modify permissions: spark; groups with modify permissions: EMPTY
26/04/07 15:20:04 WARN NativeCodeLoader: Unable to load native-hadoop library for your platform... using builtin-java classes where applicable
26/04/07 15:20:05 INFO Utils: Successfully started service 'sparkDriver' on port 44851.
26/04/07 15:20:05 INFO SparkEnv: Registering MapOutputTracker
26/04/07 15:20:05 INFO SparkEnv: Registering BlockManagerMaster
26/04/07 15:20:05 INFO BlockManagerMasterEndpoint: Using org.apache.spark.storage.DefaultTopologyMapper for getting topology information
26/04/07 15:20:05 INFO BlockManagerMasterEndpoint: BlockManagerMasterEndpoint up
26/04/07 15:20:05 INFO SparkEnv: Registering BlockManagerMasterHeartbeat
26/04/07 15:20:05 INFO DiskBlockManager: Created local directory at /tmp/blockmgr-0e6e80e8-8bef-4ce4-806f-00ccbeef446a
26/04/07 15:20:05 INFO MemoryStore: MemoryStore started with capacity 434.4 MiB
26/04/07 15:20:05 INFO SparkEnv: Registering OutputCommitCoordinator
26/04/07 15:20:05 INFO JettyUtils: Start Jetty 0.0.0.0:4040 for SparkUI
26/04/07 15:20:05 INFO Utils: Successfully started service 'SparkUI' on port 4040.
26/04/07 15:20:05 INFO Executor: Starting executor ID driver on host namenode
26/04/07 15:20:05 INFO Executor: OS info Linux, 6.6.87.2-microsoft-standard-WSL2, amd64
26/04/07 15:20:05 INFO Executor: Java version 17.0.10
26/04/07 15:20:05 INFO Executor: Starting executor with user classpath (userClassPathFirst = false): ''
26/04/07 15:20:05 INFO Executor: Created or updated repl class loader org.apache.spark.util.MutableURLClassLoader@6f3ee598 for default.
26/04/07 15:20:05 INFO Utils: Successfully started service 'org.apache.spark.network.netty.NettyBlockTransferService' on port 38035.
26/04/07 15:20:05 INFO NettyBlockTransferService: Server created on namenode:38035
26/04/07 15:20:05 INFO BlockManager: Using org.apache.spark.storage.RandomBlockReplicationPolicy for block replication policy
26/04/07 15:20:05 INFO BlockManagerMaster: Registering BlockManager BlockManagerId(driver, namenode, 38035, None)
26/04/07 15:20:05 INFO BlockManagerMasterEndpoint: Registering block manager namenode:38035 with 434.4 MiB RAM, BlockManagerId(driver, namenode, 38035, None)
26/04/07 15:20:05 INFO BlockManagerMaster: Registered BlockManager BlockManagerId(driver, namenode, 38035, None)
26/04/07 15:20:05 INFO BlockManager: Initialized BlockManager: BlockManagerId(driver, namenode, 38035, None)

AFTER SPARK SESSION CREATION:
Process memory: 37.54 MB (+0.25 MB)
Base config: 4 shuffle partitions

Loading data from HDFS...
26/04/07 15:20:06 INFO SharedState: Setting hive.metastore.warehouse.dir ('null') to the value of spark.sql.warehouse.dir.
26/04/07 15:20:06 INFO SharedState: Warehouse path is 'file:/opt/bitnami/spark/spark-warehouse'.
26/04/07 15:20:07 INFO InMemoryFileIndex: It took 51 ms to list leaf files for 1 paths.
26/04/07 15:20:07 INFO InMemoryFileIndex: It took 4 ms to list leaf files for 1 paths.
26/04/07 15:20:09 INFO FileSourceStrategy: Pushed Filters: 
26/04/07 15:20:09 INFO FileSourceStrategy: Post-Scan Filters: (length(trim(value#0, None)) > 0)
26/04/07 15:20:09 INFO CodeGenerator: Code generated in 122.362263 ms
26/04/07 15:20:09 INFO MemoryStore: Block broadcast_0 stored as values in memory (estimated size 201.1 KiB, free 434.2 MiB)
26/04/07 15:20:09 INFO MemoryStore: Block broadcast_0_piece0 stored as bytes in memory (estimated size 34.7 KiB, free 434.2 MiB)
26/04/07 15:20:09 INFO BlockManagerInfo: Added broadcast_0_piece0 in memory on namenode:38035 (size: 34.7 KiB, free: 434.4 MiB)
26/04/07 15:20:09 INFO SparkContext: Created broadcast 0 from csv at NativeMethodAccessorImpl.java:0
26/04/07 15:20:09 INFO FileSourceScanExec: Planning scan with bin packing, max size: 4194304 bytes, open cost is considered as scanning 4194304 bytes.
26/04/07 15:20:09 INFO SparkContext: Starting job: csv at NativeMethodAccessorImpl.java:0
26/04/07 15:20:09 INFO DAGScheduler: Got job 0 (csv at NativeMethodAccessorImpl.java:0) with 1 output partitions
26/04/07 15:20:09 INFO DAGScheduler: Final stage: ResultStage 0 (csv at NativeMethodAccessorImpl.java:0)
26/04/07 15:20:09 INFO DAGScheduler: Parents of final stage: List()
26/04/07 15:20:09 INFO DAGScheduler: Missing parents: List()
26/04/07 15:20:09 INFO DAGScheduler: Submitting ResultStage 0 (MapPartitionsRDD[3] at csv at NativeMethodAccessorImpl.java:0), which has no missing parents
26/04/07 15:20:09 INFO MemoryStore: Block broadcast_1 stored as values in memory (estimated size 13.5 KiB, free 434.2 MiB)
26/04/07 15:20:09 INFO MemoryStore: Block broadcast_1_piece0 stored as bytes in memory (estimated size 6.4 KiB, free 434.2 MiB)
26/04/07 15:20:09 INFO BlockManagerInfo: Added broadcast_1_piece0 in memory on namenode:38035 (size: 6.4 KiB, free: 434.4 MiB)
26/04/07 15:20:09 INFO SparkContext: Created broadcast 1 from broadcast at DAGScheduler.scala:1580
26/04/07 15:20:09 INFO DAGScheduler: Submitting 1 missing tasks from ResultStage 0 (MapPartitionsRDD[3] at csv at NativeMethodAccessorImpl.java:0) (first 15 tasks are for partitions Vector(0))
26/04/07 15:20:09 INFO TaskSchedulerImpl: Adding task set 0.0 with 1 tasks resource profile 0
26/04/07 15:20:09 INFO TaskSetManager: Starting task 0.0 in stage 0.0 (TID 0) (namenode, executor driver, partition 0, ANY, 8220 bytes) 
26/04/07 15:20:09 INFO Executor: Running task 0.0 in stage 0.0 (TID 0)
26/04/07 15:20:09 INFO CodeGenerator: Code generated in 9.027584 ms
26/04/07 15:20:09 INFO FileScanRDD: Reading File path: hdfs://namenode:9000/user/data/dataset.csv, range: 0-4194304, partition values: [empty row]
26/04/07 15:20:09 INFO CodeGenerator: Code generated in 8.648834 ms
26/04/07 15:20:09 INFO Executor: Finished task 0.0 in stage 0.0 (TID 0). 1684 bytes result sent to driver
26/04/07 15:20:09 INFO TaskSetManager: Finished task 0.0 in stage 0.0 (TID 0) in 194 ms on namenode (executor driver) (1/1)
26/04/07 15:20:09 INFO TaskSchedulerImpl: Removed TaskSet 0.0, whose tasks have all completed, from pool 
26/04/07 15:20:09 INFO DAGScheduler: ResultStage 0 (csv at NativeMethodAccessorImpl.java:0) finished in 0.276 s
26/04/07 15:20:09 INFO DAGScheduler: Job 0 is finished. Cancelling potential speculative or zombie tasks for this job
26/04/07 15:20:09 INFO TaskSchedulerImpl: Killing all running tasks in stage 0: Stage finished
26/04/07 15:20:09 INFO DAGScheduler: Job 0 finished: csv at NativeMethodAccessorImpl.java:0, took 0.304407 s
26/04/07 15:20:09 INFO CodeGenerator: Code generated in 6.20387 ms
26/04/07 15:20:09 INFO FileSourceStrategy: Pushed Filters: 
26/04/07 15:20:09 INFO FileSourceStrategy: Post-Scan Filters: 
26/04/07 15:20:09 INFO MemoryStore: Block broadcast_2 stored as values in memory (estimated size 201.1 KiB, free 434.0 MiB)
26/04/07 15:20:09 INFO MemoryStore: Block broadcast_2_piece0 stored as bytes in memory (estimated size 34.7 KiB, free 433.9 MiB)
26/04/07 15:20:09 INFO BlockManagerInfo: Added broadcast_2_piece0 in memory on namenode:38035 (size: 34.7 KiB, free: 434.3 MiB)
26/04/07 15:20:09 INFO SparkContext: Created broadcast 2 from csv at NativeMethodAccessorImpl.java:0
26/04/07 15:20:09 INFO FileSourceScanExec: Planning scan with bin packing, max size: 4194304 bytes, open cost is considered as scanning 4194304 bytes.
26/04/07 15:20:10 INFO SparkContext: Starting job: csv at NativeMethodAccessorImpl.java:0
26/04/07 15:20:10 INFO DAGScheduler: Got job 1 (csv at NativeMethodAccessorImpl.java:0) with 2 output partitions
26/04/07 15:20:10 INFO DAGScheduler: Final stage: ResultStage 1 (csv at NativeMethodAccessorImpl.java:0)
26/04/07 15:20:10 INFO DAGScheduler: Parents of final stage: List()
26/04/07 15:20:10 INFO DAGScheduler: Missing parents: List()
26/04/07 15:20:10 INFO DAGScheduler: Submitting ResultStage 1 (MapPartitionsRDD[9] at csv at NativeMethodAccessorImpl.java:0), which has no missing parents
26/04/07 15:20:10 INFO MemoryStore: Block broadcast_3 stored as values in memory (estimated size 27.7 KiB, free 433.9 MiB)
26/04/07 15:20:10 INFO MemoryStore: Block broadcast_3_piece0 stored as bytes in memory (estimated size 12.8 KiB, free 433.9 MiB)
26/04/07 15:20:10 INFO BlockManagerInfo: Added broadcast_3_piece0 in memory on namenode:38035 (size: 12.8 KiB, free: 434.3 MiB)
26/04/07 15:20:10 INFO SparkContext: Created broadcast 3 from broadcast at DAGScheduler.scala:1580
26/04/07 15:20:10 INFO DAGScheduler: Submitting 2 missing tasks from ResultStage 1 (MapPartitionsRDD[9] at csv at NativeMethodAccessorImpl.java:0) (first 15 tasks are for partitions Vector(0, 1))
26/04/07 15:20:10 INFO TaskSchedulerImpl: Adding task set 1.0 with 2 tasks resource profile 0
26/04/07 15:20:10 INFO TaskSetManager: Starting task 0.0 in stage 1.0 (TID 1) (namenode, executor driver, partition 0, ANY, 8220 bytes) 
26/04/07 15:20:10 INFO TaskSetManager: Starting task 1.0 in stage 1.0 (TID 2) (namenode, executor driver, partition 1, ANY, 8220 bytes) 
26/04/07 15:20:10 INFO Executor: Running task 0.0 in stage 1.0 (TID 1)
26/04/07 15:20:10 INFO Executor: Running task 1.0 in stage 1.0 (TID 2)
26/04/07 15:20:10 INFO BlockManagerInfo: Removed broadcast_0_piece0 on namenode:38035 in memory (size: 34.7 KiB, free: 434.3 MiB)
26/04/07 15:20:10 INFO BlockManagerInfo: Removed broadcast_1_piece0 on namenode:38035 in memory (size: 6.4 KiB, free: 434.4 MiB)
26/04/07 15:20:10 INFO CodeGenerator: Code generated in 5.58328 ms
26/04/07 15:20:10 INFO FileScanRDD: Reading File path: hdfs://namenode:9000/user/data/dataset.csv, range: 0-4194304, partition values: [empty row]
26/04/07 15:20:10 INFO FileScanRDD: Reading File path: hdfs://namenode:9000/user/data/dataset.csv, range: 4194304-6727825, partition values: [empty row]
26/04/07 15:20:10 INFO Executor: Finished task 1.0 in stage 1.0 (TID 2). 1785 bytes result sent to driver
26/04/07 15:20:10 INFO TaskSetManager: Finished task 1.0 in stage 1.0 (TID 2) in 367 ms on namenode (executor driver) (1/2)
26/04/07 15:20:10 INFO Executor: Finished task 0.0 in stage 1.0 (TID 1). 1742 bytes result sent to driver
26/04/07 15:20:10 INFO TaskSetManager: Finished task 0.0 in stage 1.0 (TID 1) in 428 ms on namenode (executor driver) (2/2)
26/04/07 15:20:10 INFO TaskSchedulerImpl: Removed TaskSet 1.0, whose tasks have all completed, from pool 
26/04/07 15:20:10 INFO DAGScheduler: ResultStage 1 (csv at NativeMethodAccessorImpl.java:0) finished in 0.467 s
26/04/07 15:20:10 INFO DAGScheduler: Job 1 is finished. Cancelling potential speculative or zombie tasks for this job
26/04/07 15:20:10 INFO TaskSchedulerImpl: Killing all running tasks in stage 1: Stage finished
26/04/07 15:20:10 INFO DAGScheduler: Job 1 finished: csv at NativeMethodAccessorImpl.java:0, took 0.471443 s
26/04/07 15:20:10 INFO FileSourceStrategy: Pushed Filters: 
26/04/07 15:20:10 INFO FileSourceStrategy: Post-Scan Filters: 
26/04/07 15:20:10 INFO CodeGenerator: Code generated in 7.922168 ms
26/04/07 15:20:10 INFO MemoryStore: Block broadcast_4 stored as values in memory (estimated size 201.0 KiB, free 433.9 MiB)
26/04/07 15:20:10 INFO MemoryStore: Block broadcast_4_piece0 stored as bytes in memory (estimated size 34.7 KiB, free 433.9 MiB)
26/04/07 15:20:10 INFO BlockManagerInfo: Added broadcast_4_piece0 in memory on namenode:38035 (size: 34.7 KiB, free: 434.3 MiB)
26/04/07 15:20:10 INFO SparkContext: Created broadcast 4 from count at NativeMethodAccessorImpl.java:0
26/04/07 15:20:10 INFO FileSourceScanExec: Planning scan with bin packing, max size: 4194304 bytes, open cost is considered as scanning 4194304 bytes.
26/04/07 15:20:10 INFO DAGScheduler: Registering RDD 13 (count at NativeMethodAccessorImpl.java:0) as input to shuffle 0
26/04/07 15:20:10 INFO DAGScheduler: Got map stage job 2 (count at NativeMethodAccessorImpl.java:0) with 2 output partitions
26/04/07 15:20:10 INFO DAGScheduler: Final stage: ShuffleMapStage 2 (count at NativeMethodAccessorImpl.java:0)
26/04/07 15:20:10 INFO DAGScheduler: Parents of final stage: List()
26/04/07 15:20:10 INFO DAGScheduler: Missing parents: List()
26/04/07 15:20:10 INFO DAGScheduler: Submitting ShuffleMapStage 2 (MapPartitionsRDD[13] at count at NativeMethodAccessorImpl.java:0), which has no missing parents
26/04/07 15:20:10 INFO MemoryStore: Block broadcast_5 stored as values in memory (estimated size 18.0 KiB, free 433.9 MiB)
26/04/07 15:20:10 INFO MemoryStore: Block broadcast_5_piece0 stored as bytes in memory (estimated size 8.9 KiB, free 433.9 MiB)
26/04/07 15:20:10 INFO BlockManagerInfo: Added broadcast_5_piece0 in memory on namenode:38035 (size: 8.9 KiB, free: 434.3 MiB)
26/04/07 15:20:10 INFO SparkContext: Created broadcast 5 from broadcast at DAGScheduler.scala:1580
26/04/07 15:20:10 INFO DAGScheduler: Submitting 2 missing tasks from ShuffleMapStage 2 (MapPartitionsRDD[13] at count at NativeMethodAccessorImpl.java:0) (first 15 tasks are for partitions Vector(0, 1))
26/04/07 15:20:10 INFO TaskSchedulerImpl: Adding task set 2.0 with 2 tasks resource profile 0
26/04/07 15:20:10 INFO TaskSetManager: Starting task 0.0 in stage 2.0 (TID 3) (namenode, executor driver, partition 0, ANY, 8209 bytes) 
26/04/07 15:20:10 INFO TaskSetManager: Starting task 1.0 in stage 2.0 (TID 4) (namenode, executor driver, partition 1, ANY, 8209 bytes) 
26/04/07 15:20:10 INFO Executor: Running task 0.0 in stage 2.0 (TID 3)
26/04/07 15:20:10 INFO Executor: Running task 1.0 in stage 2.0 (TID 4)
26/04/07 15:20:10 INFO CodeGenerator: Code generated in 5.894552 ms
26/04/07 15:20:10 INFO FileScanRDD: Reading File path: hdfs://namenode:9000/user/data/dataset.csv, range: 4194304-6727825, partition values: [empty row]
26/04/07 15:20:10 INFO FileScanRDD: Reading File path: hdfs://namenode:9000/user/data/dataset.csv, range: 0-4194304, partition values: [empty row]
26/04/07 15:20:10 INFO CodeGenerator: Code generated in 5.007446 ms
26/04/07 15:20:10 INFO Executor: Finished task 1.0 in stage 2.0 (TID 4). 2010 bytes result sent to driver
26/04/07 15:20:10 INFO Executor: Finished task 0.0 in stage 2.0 (TID 3). 2010 bytes result sent to driver
26/04/07 15:20:10 INFO TaskSetManager: Finished task 1.0 in stage 2.0 (TID 4) in 134 ms on namenode (executor driver) (1/2)
26/04/07 15:20:10 INFO TaskSetManager: Finished task 0.0 in stage 2.0 (TID 3) in 136 ms on namenode (executor driver) (2/2)
26/04/07 15:20:10 INFO TaskSchedulerImpl: Removed TaskSet 2.0, whose tasks have all completed, from pool 
26/04/07 15:20:10 INFO DAGScheduler: ShuffleMapStage 2 (count at NativeMethodAccessorImpl.java:0) finished in 0.156 s
26/04/07 15:20:10 INFO DAGScheduler: looking for newly runnable stages
26/04/07 15:20:10 INFO DAGScheduler: running: Set()
26/04/07 15:20:10 INFO DAGScheduler: waiting: Set()
26/04/07 15:20:10 INFO DAGScheduler: failed: Set()
26/04/07 15:20:10 INFO CodeGenerator: Code generated in 7.938229 ms
26/04/07 15:20:10 INFO SparkContext: Starting job: count at NativeMethodAccessorImpl.java:0
26/04/07 15:20:10 INFO DAGScheduler: Got job 3 (count at NativeMethodAccessorImpl.java:0) with 1 output partitions
26/04/07 15:20:10 INFO DAGScheduler: Final stage: ResultStage 4 (count at NativeMethodAccessorImpl.java:0)
26/04/07 15:20:10 INFO DAGScheduler: Parents of final stage: List(ShuffleMapStage 3)
26/04/07 15:20:10 INFO DAGScheduler: Missing parents: List()
26/04/07 15:20:10 INFO DAGScheduler: Submitting ResultStage 4 (MapPartitionsRDD[16] at count at NativeMethodAccessorImpl.java:0), which has no missing parents
26/04/07 15:20:10 INFO MemoryStore: Block broadcast_6 stored as values in memory (estimated size 12.5 KiB, free 433.9 MiB)
26/04/07 15:20:10 INFO MemoryStore: Block broadcast_6_piece0 stored as bytes in memory (estimated size 5.9 KiB, free 433.9 MiB)
26/04/07 15:20:10 INFO BlockManagerInfo: Added broadcast_6_piece0 in memory on namenode:38035 (size: 5.9 KiB, free: 434.3 MiB)
26/04/07 15:20:10 INFO SparkContext: Created broadcast 6 from broadcast at DAGScheduler.scala:1580
26/04/07 15:20:10 INFO DAGScheduler: Submitting 1 missing tasks from ResultStage 4 (MapPartitionsRDD[16] at count at NativeMethodAccessorImpl.java:0) (first 15 tasks are for partitions Vector(0))
26/04/07 15:20:10 INFO TaskSchedulerImpl: Adding task set 4.0 with 1 tasks resource profile 0
26/04/07 15:20:10 INFO TaskSetManager: Starting task 0.0 in stage 4.0 (TID 5) (namenode, executor driver, partition 0, NODE_LOCAL, 7615 bytes) 
26/04/07 15:20:10 INFO Executor: Running task 0.0 in stage 4.0 (TID 5)
26/04/07 15:20:10 INFO ShuffleBlockFetcherIterator: Getting 2 (120.0 B) non-empty blocks including 2 (120.0 B) local and 0 (0.0 B) host-local and 0 (0.0 B) push-merged-local and 0 (0.0 B) remote blocks
26/04/07 15:20:10 INFO ShuffleBlockFetcherIterator: Started 0 remote fetches in 10 ms
26/04/07 15:20:10 INFO CodeGenerator: Code generated in 6.786548 ms
26/04/07 15:20:10 INFO Executor: Finished task 0.0 in stage 4.0 (TID 5). 4081 bytes result sent to driver
26/04/07 15:20:10 INFO BlockManagerInfo: Removed broadcast_5_piece0 on namenode:38035 in memory (size: 8.9 KiB, free: 434.3 MiB)
26/04/07 15:20:10 INFO TaskSetManager: Finished task 0.0 in stage 4.0 (TID 5) in 58 ms on namenode (executor driver) (1/1)
26/04/07 15:20:10 INFO TaskSchedulerImpl: Removed TaskSet 4.0, whose tasks have all completed, from pool 
26/04/07 15:20:10 INFO DAGScheduler: ResultStage 4 (count at NativeMethodAccessorImpl.java:0) finished in 0.068 s
26/04/07 15:20:10 INFO DAGScheduler: Job 3 is finished. Cancelling potential speculative or zombie tasks for this job
26/04/07 15:20:10 INFO TaskSchedulerImpl: Killing all running tasks in stage 4: Stage finished
26/04/07 15:20:10 INFO DAGScheduler: Job 3 finished: count at NativeMethodAccessorImpl.java:0, took 0.076101 s
Data loaded: 150,000 rows, 8 columns
Load time: 4.94s
After data load: 37.54 MB (+0.0 MB)

--- Executing analytics ---
26/04/07 15:20:11 INFO FileSourceStrategy: Pushed Filters: IsNotNull(is_active),EqualTo(is_active,1)
26/04/07 15:20:11 INFO FileSourceStrategy: Post-Scan Filters: isnotnull(is_active#23),(is_active#23 = 1)
26/04/07 15:20:11 INFO CodeGenerator: Code generated in 9.915138 ms
26/04/07 15:20:11 INFO MemoryStore: Block broadcast_7 stored as values in memory (estimated size 201.0 KiB, free 433.7 MiB)
26/04/07 15:20:11 INFO MemoryStore: Block broadcast_7_piece0 stored as bytes in memory (estimated size 34.7 KiB, free 433.7 MiB)
26/04/07 15:20:11 INFO BlockManagerInfo: Added broadcast_7_piece0 in memory on namenode:38035 (size: 34.7 KiB, free: 434.3 MiB)
26/04/07 15:20:11 INFO SparkContext: Created broadcast 7 from count at NativeMethodAccessorImpl.java:0
26/04/07 15:20:11 INFO FileSourceScanExec: Planning scan with bin packing, max size: 4194304 bytes, open cost is considered as scanning 4194304 bytes.
26/04/07 15:20:11 INFO DAGScheduler: Registering RDD 20 (count at NativeMethodAccessorImpl.java:0) as input to shuffle 1
26/04/07 15:20:11 INFO DAGScheduler: Got map stage job 4 (count at NativeMethodAccessorImpl.java:0) with 2 output partitions
26/04/07 15:20:11 INFO DAGScheduler: Final stage: ShuffleMapStage 5 (count at NativeMethodAccessorImpl.java:0)
26/04/07 15:20:11 INFO DAGScheduler: Parents of final stage: List()
26/04/07 15:20:11 INFO DAGScheduler: Missing parents: List()
26/04/07 15:20:11 INFO DAGScheduler: Submitting ShuffleMapStage 5 (MapPartitionsRDD[20] at count at NativeMethodAccessorImpl.java:0), which has no missing parents
26/04/07 15:20:11 INFO MemoryStore: Block broadcast_8 stored as values in memory (estimated size 18.8 KiB, free 433.6 MiB)
26/04/07 15:20:11 INFO MemoryStore: Block broadcast_8_piece0 stored as bytes in memory (estimated size 9.2 KiB, free 433.6 MiB)
26/04/07 15:20:11 INFO BlockManagerInfo: Added broadcast_8_piece0 in memory on namenode:38035 (size: 9.2 KiB, free: 434.3 MiB)
26/04/07 15:20:11 INFO SparkContext: Created broadcast 8 from broadcast at DAGScheduler.scala:1580
26/04/07 15:20:11 INFO DAGScheduler: Submitting 2 missing tasks from ShuffleMapStage 5 (MapPartitionsRDD[20] at count at NativeMethodAccessorImpl.java:0) (first 15 tasks are for partitions Vector(0, 1))
26/04/07 15:20:11 INFO TaskSchedulerImpl: Adding task set 5.0 with 2 tasks resource profile 0
26/04/07 15:20:11 INFO BlockManagerInfo: Removed broadcast_6_piece0 on namenode:38035 in memory (size: 5.9 KiB, free: 434.3 MiB)
26/04/07 15:20:11 INFO TaskSetManager: Starting task 0.0 in stage 5.0 (TID 6) (namenode, executor driver, partition 0, ANY, 8209 bytes) 
26/04/07 15:20:11 INFO TaskSetManager: Starting task 1.0 in stage 5.0 (TID 7) (namenode, executor driver, partition 1, ANY, 8209 bytes) 
26/04/07 15:20:11 INFO Executor: Running task 0.0 in stage 5.0 (TID 6)
26/04/07 15:20:11 INFO Executor: Running task 1.0 in stage 5.0 (TID 7)
26/04/07 15:20:11 INFO BlockManagerInfo: Removed broadcast_4_piece0 on namenode:38035 in memory (size: 34.7 KiB, free: 434.3 MiB)
26/04/07 15:20:11 INFO CodeGenerator: Code generated in 7.398984 ms
26/04/07 15:20:11 INFO FileScanRDD: Reading File path: hdfs://namenode:9000/user/data/dataset.csv, range: 4194304-6727825, partition values: [empty row]
26/04/07 15:20:11 INFO FileScanRDD: Reading File path: hdfs://namenode:9000/user/data/dataset.csv, range: 0-4194304, partition values: [empty row]
26/04/07 15:20:11 INFO CodeGenerator: Code generated in 5.090046 ms
26/04/07 15:20:11 INFO CodeGenerator: Code generated in 3.856396 ms
26/04/07 15:20:11 INFO Executor: Finished task 1.0 in stage 5.0 (TID 7). 2066 bytes result sent to driver
26/04/07 15:20:11 INFO TaskSetManager: Finished task 1.0 in stage 5.0 (TID 7) in 190 ms on namenode (executor driver) (1/2)
26/04/07 15:20:11 INFO Executor: Finished task 0.0 in stage 5.0 (TID 6). 2023 bytes result sent to driver
26/04/07 15:20:11 INFO TaskSetManager: Finished task 0.0 in stage 5.0 (TID 6) in 214 ms on namenode (executor driver) (2/2)
26/04/07 15:20:11 INFO TaskSchedulerImpl: Removed TaskSet 5.0, whose tasks have all completed, from pool 
26/04/07 15:20:11 INFO DAGScheduler: ShuffleMapStage 5 (count at NativeMethodAccessorImpl.java:0) finished in 0.230 s
26/04/07 15:20:11 INFO DAGScheduler: looking for newly runnable stages
26/04/07 15:20:11 INFO DAGScheduler: running: Set()
26/04/07 15:20:11 INFO DAGScheduler: waiting: Set()
26/04/07 15:20:11 INFO DAGScheduler: failed: Set()
26/04/07 15:20:11 INFO SparkContext: Starting job: count at NativeMethodAccessorImpl.java:0
26/04/07 15:20:11 INFO DAGScheduler: Got job 5 (count at NativeMethodAccessorImpl.java:0) with 1 output partitions
26/04/07 15:20:11 INFO DAGScheduler: Final stage: ResultStage 7 (count at NativeMethodAccessorImpl.java:0)
26/04/07 15:20:11 INFO DAGScheduler: Parents of final stage: List(ShuffleMapStage 6)
26/04/07 15:20:11 INFO DAGScheduler: Missing parents: List()
26/04/07 15:20:11 INFO DAGScheduler: Submitting ResultStage 7 (MapPartitionsRDD[23] at count at NativeMethodAccessorImpl.java:0), which has no missing parents
26/04/07 15:20:11 INFO MemoryStore: Block broadcast_9 stored as values in memory (estimated size 12.5 KiB, free 433.9 MiB)
26/04/07 15:20:11 INFO MemoryStore: Block broadcast_9_piece0 stored as bytes in memory (estimated size 5.9 KiB, free 433.9 MiB)
26/04/07 15:20:11 INFO BlockManagerInfo: Added broadcast_9_piece0 in memory on namenode:38035 (size: 5.9 KiB, free: 434.3 MiB)
26/04/07 15:20:11 INFO BlockManagerInfo: Removed broadcast_8_piece0 on namenode:38035 in memory (size: 9.2 KiB, free: 434.3 MiB)
26/04/07 15:20:11 INFO SparkContext: Created broadcast 9 from broadcast at DAGScheduler.scala:1580
26/04/07 15:20:11 INFO DAGScheduler: Submitting 1 missing tasks from ResultStage 7 (MapPartitionsRDD[23] at count at NativeMethodAccessorImpl.java:0) (first 15 tasks are for partitions Vector(0))
26/04/07 15:20:11 INFO TaskSchedulerImpl: Adding task set 7.0 with 1 tasks resource profile 0
26/04/07 15:20:11 INFO TaskSetManager: Starting task 0.0 in stage 7.0 (TID 8) (namenode, executor driver, partition 0, NODE_LOCAL, 7615 bytes) 
26/04/07 15:20:11 INFO Executor: Running task 0.0 in stage 7.0 (TID 8)
26/04/07 15:20:11 INFO ShuffleBlockFetcherIterator: Getting 2 (120.0 B) non-empty blocks including 2 (120.0 B) local and 0 (0.0 B) host-local and 0 (0.0 B) push-merged-local and 0 (0.0 B) remote blocks
26/04/07 15:20:11 INFO ShuffleBlockFetcherIterator: Started 0 remote fetches in 0 ms
26/04/07 15:20:11 INFO Executor: Finished task 0.0 in stage 7.0 (TID 8). 3995 bytes result sent to driver
26/04/07 15:20:11 INFO TaskSetManager: Finished task 0.0 in stage 7.0 (TID 8) in 9 ms on namenode (executor driver) (1/1)
26/04/07 15:20:11 INFO TaskSchedulerImpl: Removed TaskSet 7.0, whose tasks have all completed, from pool 
26/04/07 15:20:11 INFO DAGScheduler: ResultStage 7 (count at NativeMethodAccessorImpl.java:0) finished in 0.020 s
26/04/07 15:20:11 INFO DAGScheduler: Job 5 is finished. Cancelling potential speculative or zombie tasks for this job
26/04/07 15:20:11 INFO TaskSchedulerImpl: Killing all running tasks in stage 7: Stage finished
26/04/07 15:20:11 INFO DAGScheduler: Job 5 finished: count at NativeMethodAccessorImpl.java:0, took 0.025143 s
26/04/07 15:20:11 INFO FileSourceStrategy: Pushed Filters: 
26/04/07 15:20:11 INFO FileSourceStrategy: Post-Scan Filters: 
26/04/07 15:20:11 INFO CodeGenerator: Code generated in 40.754205 ms
26/04/07 15:20:11 INFO MemoryStore: Block broadcast_10 stored as values in memory (estimated size 201.0 KiB, free 433.7 MiB)
26/04/07 15:20:11 INFO BlockManagerInfo: Removed broadcast_7_piece0 on namenode:38035 in memory (size: 34.7 KiB, free: 434.3 MiB)
26/04/07 15:20:11 INFO MemoryStore: Block broadcast_10_piece0 stored as bytes in memory (estimated size 34.7 KiB, free 433.9 MiB)
26/04/07 15:20:11 INFO BlockManagerInfo: Removed broadcast_9_piece0 on namenode:38035 in memory (size: 5.9 KiB, free: 434.4 MiB)
26/04/07 15:20:11 INFO BlockManagerInfo: Added broadcast_10_piece0 in memory on namenode:38035 (size: 34.7 KiB, free: 434.3 MiB)
26/04/07 15:20:11 INFO SparkContext: Created broadcast 10 from count at NativeMethodAccessorImpl.java:0
26/04/07 15:20:11 INFO FileSourceScanExec: Planning scan with bin packing, max size: 4194304 bytes, open cost is considered as scanning 4194304 bytes.
26/04/07 15:20:11 INFO DAGScheduler: Registering RDD 27 (count at NativeMethodAccessorImpl.java:0) as input to shuffle 2
26/04/07 15:20:11 INFO DAGScheduler: Got map stage job 6 (count at NativeMethodAccessorImpl.java:0) with 2 output partitions
26/04/07 15:20:11 INFO DAGScheduler: Final stage: ShuffleMapStage 8 (count at NativeMethodAccessorImpl.java:0)
26/04/07 15:20:11 INFO DAGScheduler: Parents of final stage: List()
26/04/07 15:20:11 INFO DAGScheduler: Missing parents: List()
26/04/07 15:20:11 INFO DAGScheduler: Submitting ShuffleMapStage 8 (MapPartitionsRDD[27] at count at NativeMethodAccessorImpl.java:0), which has no missing parents
26/04/07 15:20:11 INFO MemoryStore: Block broadcast_11 stored as values in memory (estimated size 29.2 KiB, free 433.9 MiB)
26/04/07 15:20:11 INFO MemoryStore: Block broadcast_11_piece0 stored as bytes in memory (estimated size 13.5 KiB, free 433.9 MiB)
26/04/07 15:20:11 INFO BlockManagerInfo: Added broadcast_11_piece0 in memory on namenode:38035 (size: 13.5 KiB, free: 434.3 MiB)
26/04/07 15:20:11 INFO SparkContext: Created broadcast 11 from broadcast at DAGScheduler.scala:1580
26/04/07 15:20:11 INFO DAGScheduler: Submitting 2 missing tasks from ShuffleMapStage 8 (MapPartitionsRDD[27] at count at NativeMethodAccessorImpl.java:0) (first 15 tasks are for partitions Vector(0, 1))
26/04/07 15:20:11 INFO TaskSchedulerImpl: Adding task set 8.0 with 2 tasks resource profile 0
26/04/07 15:20:11 INFO TaskSetManager: Starting task 0.0 in stage 8.0 (TID 9) (namenode, executor driver, partition 0, ANY, 8209 bytes) 
26/04/07 15:20:11 INFO TaskSetManager: Starting task 1.0 in stage 8.0 (TID 10) (namenode, executor driver, partition 1, ANY, 8209 bytes) 
26/04/07 15:20:11 INFO Executor: Running task 0.0 in stage 8.0 (TID 9)
26/04/07 15:20:11 INFO Executor: Running task 1.0 in stage 8.0 (TID 10)
26/04/07 15:20:11 INFO CodeGenerator: Code generated in 28.003187 ms
26/04/07 15:20:11 INFO CodeGenerator: Code generated in 10.519374 ms
26/04/07 15:20:11 INFO FileScanRDD: Reading File path: hdfs://namenode:9000/user/data/dataset.csv, range: 4194304-6727825, partition values: [empty row]
26/04/07 15:20:11 INFO FileScanRDD: Reading File path: hdfs://namenode:9000/user/data/dataset.csv, range: 0-4194304, partition values: [empty row]
26/04/07 15:20:11 INFO Executor: Finished task 1.0 in stage 8.0 (TID 10). 2519 bytes result sent to driver
26/04/07 15:20:11 INFO TaskSetManager: Finished task 1.0 in stage 8.0 (TID 10) in 161 ms on namenode (executor driver) (1/2)
26/04/07 15:20:11 INFO Executor: Finished task 0.0 in stage 8.0 (TID 9). 2605 bytes result sent to driver
26/04/07 15:20:11 INFO TaskSetManager: Finished task 0.0 in stage 8.0 (TID 9) in 196 ms on namenode (executor driver) (2/2)
26/04/07 15:20:11 INFO TaskSchedulerImpl: Removed TaskSet 8.0, whose tasks have all completed, from pool 
26/04/07 15:20:11 INFO DAGScheduler: ShuffleMapStage 8 (count at NativeMethodAccessorImpl.java:0) finished in 0.205 s
26/04/07 15:20:11 INFO DAGScheduler: looking for newly runnable stages
26/04/07 15:20:11 INFO DAGScheduler: running: Set()
26/04/07 15:20:11 INFO DAGScheduler: waiting: Set()
26/04/07 15:20:11 INFO DAGScheduler: failed: Set()
26/04/07 15:20:11 INFO ShufflePartitionsUtil: For shuffle(2), advisory target size: 67108864, actual target size 1048576, minimum partition size: 1048576
26/04/07 15:20:11 INFO CodeGenerator: Code generated in 17.299729 ms
26/04/07 15:20:11 INFO DAGScheduler: Registering RDD 30 (count at NativeMethodAccessorImpl.java:0) as input to shuffle 3
26/04/07 15:20:11 INFO DAGScheduler: Got map stage job 7 (count at NativeMethodAccessorImpl.java:0) with 1 output partitions
26/04/07 15:20:11 INFO DAGScheduler: Final stage: ShuffleMapStage 10 (count at NativeMethodAccessorImpl.java:0)
26/04/07 15:20:11 INFO DAGScheduler: Parents of final stage: List(ShuffleMapStage 9)
26/04/07 15:20:11 INFO DAGScheduler: Missing parents: List()
26/04/07 15:20:11 INFO DAGScheduler: Submitting ShuffleMapStage 10 (MapPartitionsRDD[30] at count at NativeMethodAccessorImpl.java:0), which has no missing parents
26/04/07 15:20:11 INFO MemoryStore: Block broadcast_12 stored as values in memory (estimated size 45.7 KiB, free 433.8 MiB)
26/04/07 15:20:11 INFO MemoryStore: Block broadcast_12_piece0 stored as bytes in memory (estimated size 21.2 KiB, free 433.8 MiB)
26/04/07 15:20:11 INFO BlockManagerInfo: Added broadcast_12_piece0 in memory on namenode:38035 (size: 21.2 KiB, free: 434.3 MiB)
26/04/07 15:20:11 INFO SparkContext: Created broadcast 12 from broadcast at DAGScheduler.scala:1580
26/04/07 15:20:11 INFO DAGScheduler: Submitting 1 missing tasks from ShuffleMapStage 10 (MapPartitionsRDD[30] at count at NativeMethodAccessorImpl.java:0) (first 15 tasks are for partitions Vector(0))
26/04/07 15:20:11 INFO TaskSchedulerImpl: Adding task set 10.0 with 1 tasks resource profile 0
26/04/07 15:20:11 INFO TaskSetManager: Starting task 0.0 in stage 10.0 (TID 11) (namenode, executor driver, partition 0, NODE_LOCAL, 7604 bytes) 
26/04/07 15:20:11 INFO Executor: Running task 0.0 in stage 10.0 (TID 11)
26/04/07 15:20:11 INFO ShuffleBlockFetcherIterator: Getting 2 (550.0 B) non-empty blocks including 2 (550.0 B) local and 0 (0.0 B) host-local and 0 (0.0 B) push-merged-local and 0 (0.0 B) remote blocks
26/04/07 15:20:11 INFO ShuffleBlockFetcherIterator: Started 0 remote fetches in 1 ms
26/04/07 15:20:11 INFO CodeGenerator: Code generated in 16.173087 ms
26/04/07 15:20:11 INFO Executor: Finished task 0.0 in stage 10.0 (TID 11). 5591 bytes result sent to driver
26/04/07 15:20:11 INFO TaskSetManager: Finished task 0.0 in stage 10.0 (TID 11) in 41 ms on namenode (executor driver) (1/1)
26/04/07 15:20:11 INFO TaskSchedulerImpl: Removed TaskSet 10.0, whose tasks have all completed, from pool 
26/04/07 15:20:11 INFO DAGScheduler: ShuffleMapStage 10 (count at NativeMethodAccessorImpl.java:0) finished in 0.050 s
26/04/07 15:20:11 INFO DAGScheduler: looking for newly runnable stages
26/04/07 15:20:11 INFO DAGScheduler: running: Set()
26/04/07 15:20:11 INFO DAGScheduler: waiting: Set()
26/04/07 15:20:11 INFO DAGScheduler: failed: Set()
26/04/07 15:20:11 INFO CodeGenerator: Code generated in 7.289921 ms
26/04/07 15:20:11 INFO SparkContext: Starting job: count at NativeMethodAccessorImpl.java:0
26/04/07 15:20:11 INFO DAGScheduler: Got job 8 (count at NativeMethodAccessorImpl.java:0) with 1 output partitions
26/04/07 15:20:11 INFO DAGScheduler: Final stage: ResultStage 13 (count at NativeMethodAccessorImpl.java:0)
26/04/07 15:20:11 INFO DAGScheduler: Parents of final stage: List(ShuffleMapStage 12)
26/04/07 15:20:11 INFO DAGScheduler: Missing parents: List()
26/04/07 15:20:11 INFO DAGScheduler: Submitting ResultStage 13 (MapPartitionsRDD[33] at count at NativeMethodAccessorImpl.java:0), which has no missing parents
26/04/07 15:20:11 INFO MemoryStore: Block broadcast_13 stored as values in memory (estimated size 12.5 KiB, free 433.8 MiB)
26/04/07 15:20:11 INFO MemoryStore: Block broadcast_13_piece0 stored as bytes in memory (estimated size 5.9 KiB, free 433.8 MiB)
26/04/07 15:20:11 INFO BlockManagerInfo: Added broadcast_13_piece0 in memory on namenode:38035 (size: 5.9 KiB, free: 434.3 MiB)
26/04/07 15:20:11 INFO SparkContext: Created broadcast 13 from broadcast at DAGScheduler.scala:1580
26/04/07 15:20:11 INFO DAGScheduler: Submitting 1 missing tasks from ResultStage 13 (MapPartitionsRDD[33] at count at NativeMethodAccessorImpl.java:0) (first 15 tasks are for partitions Vector(0))
26/04/07 15:20:11 INFO TaskSchedulerImpl: Adding task set 13.0 with 1 tasks resource profile 0
26/04/07 15:20:11 INFO TaskSetManager: Starting task 0.0 in stage 13.0 (TID 12) (namenode, executor driver, partition 0, NODE_LOCAL, 7615 bytes) 
26/04/07 15:20:11 INFO Executor: Running task 0.0 in stage 13.0 (TID 12)
26/04/07 15:20:11 INFO ShuffleBlockFetcherIterator: Getting 1 (60.0 B) non-empty blocks including 1 (60.0 B) local and 0 (0.0 B) host-local and 0 (0.0 B) push-merged-local and 0 (0.0 B) remote blocks
26/04/07 15:20:11 INFO ShuffleBlockFetcherIterator: Started 0 remote fetches in 0 ms
26/04/07 15:20:11 INFO CodeGenerator: Code generated in 6.642276 ms
26/04/07 15:20:11 INFO Executor: Finished task 0.0 in stage 13.0 (TID 12). 3995 bytes result sent to driver
26/04/07 15:20:11 INFO TaskSetManager: Finished task 0.0 in stage 13.0 (TID 12) in 18 ms on namenode (executor driver) (1/1)
26/04/07 15:20:11 INFO TaskSchedulerImpl: Removed TaskSet 13.0, whose tasks have all completed, from pool 
26/04/07 15:20:11 INFO DAGScheduler: ResultStage 13 (count at NativeMethodAccessorImpl.java:0) finished in 0.026 s
26/04/07 15:20:11 INFO DAGScheduler: Job 8 is finished. Cancelling potential speculative or zombie tasks for this job
26/04/07 15:20:11 INFO TaskSchedulerImpl: Killing all running tasks in stage 13: Stage finished
26/04/07 15:20:11 INFO DAGScheduler: Job 8 finished: count at NativeMethodAccessorImpl.java:0, took 0.029536 s
26/04/07 15:20:11 INFO FileSourceStrategy: Pushed Filters: 
26/04/07 15:20:11 INFO FileSourceStrategy: Post-Scan Filters: 
26/04/07 15:20:11 INFO CodeGenerator: Code generated in 15.822833 ms
26/04/07 15:20:11 INFO MemoryStore: Block broadcast_14 stored as values in memory (estimated size 201.0 KiB, free 433.6 MiB)
26/04/07 15:20:12 INFO BlockManagerInfo: Removed broadcast_10_piece0 on namenode:38035 in memory (size: 34.7 KiB, free: 434.3 MiB)
26/04/07 15:20:12 INFO MemoryStore: Block broadcast_14_piece0 stored as bytes in memory (estimated size 34.7 KiB, free 433.8 MiB)
26/04/07 15:20:12 INFO BlockManagerInfo: Added broadcast_14_piece0 in memory on namenode:38035 (size: 34.7 KiB, free: 434.3 MiB)
26/04/07 15:20:12 INFO SparkContext: Created broadcast 14 from count at NativeMethodAccessorImpl.java:0
26/04/07 15:20:12 INFO BlockManagerInfo: Removed broadcast_13_piece0 on namenode:38035 in memory (size: 5.9 KiB, free: 434.3 MiB)
26/04/07 15:20:12 INFO FileSourceScanExec: Planning scan with bin packing, max size: 4194304 bytes, open cost is considered as scanning 4194304 bytes.
26/04/07 15:20:12 INFO BlockManagerInfo: Removed broadcast_12_piece0 on namenode:38035 in memory (size: 21.2 KiB, free: 434.3 MiB)
26/04/07 15:20:12 INFO BlockManagerInfo: Removed broadcast_11_piece0 on namenode:38035 in memory (size: 13.5 KiB, free: 434.3 MiB)
26/04/07 15:20:12 INFO DAGScheduler: Registering RDD 37 (count at NativeMethodAccessorImpl.java:0) as input to shuffle 4
26/04/07 15:20:12 INFO DAGScheduler: Got map stage job 9 (count at NativeMethodAccessorImpl.java:0) with 2 output partitions
26/04/07 15:20:12 INFO DAGScheduler: Final stage: ShuffleMapStage 14 (count at NativeMethodAccessorImpl.java:0)
26/04/07 15:20:12 INFO DAGScheduler: Parents of final stage: List()
26/04/07 15:20:12 INFO DAGScheduler: Missing parents: List()
26/04/07 15:20:12 INFO DAGScheduler: Submitting ShuffleMapStage 14 (MapPartitionsRDD[37] at count at NativeMethodAccessorImpl.java:0), which has no missing parents
26/04/07 15:20:12 INFO MemoryStore: Block broadcast_15 stored as values in memory (estimated size 38.7 KiB, free 433.9 MiB)
26/04/07 15:20:12 INFO MemoryStore: Block broadcast_15_piece0 stored as bytes in memory (estimated size 18.1 KiB, free 433.8 MiB)
26/04/07 15:20:12 INFO BlockManagerInfo: Added broadcast_15_piece0 in memory on namenode:38035 (size: 18.1 KiB, free: 434.3 MiB)
26/04/07 15:20:12 INFO SparkContext: Created broadcast 15 from broadcast at DAGScheduler.scala:1580
26/04/07 15:20:12 INFO DAGScheduler: Submitting 2 missing tasks from ShuffleMapStage 14 (MapPartitionsRDD[37] at count at NativeMethodAccessorImpl.java:0) (first 15 tasks are for partitions Vector(0, 1))
26/04/07 15:20:12 INFO TaskSchedulerImpl: Adding task set 14.0 with 2 tasks resource profile 0
26/04/07 15:20:12 INFO TaskSetManager: Starting task 0.0 in stage 14.0 (TID 13) (namenode, executor driver, partition 0, ANY, 8209 bytes) 
26/04/07 15:20:12 INFO TaskSetManager: Starting task 1.0 in stage 14.0 (TID 14) (namenode, executor driver, partition 1, ANY, 8209 bytes) 
26/04/07 15:20:12 INFO Executor: Running task 1.0 in stage 14.0 (TID 14)
26/04/07 15:20:12 INFO Executor: Running task 0.0 in stage 14.0 (TID 13)
26/04/07 15:20:12 INFO CodeGenerator: Code generated in 13.599116 ms
26/04/07 15:20:12 INFO CodeGenerator: Code generated in 4.514644 ms
26/04/07 15:20:12 INFO FileScanRDD: Reading File path: hdfs://namenode:9000/user/data/dataset.csv, range: 4194304-6727825, partition values: [empty row]
26/04/07 15:20:12 INFO FileScanRDD: Reading File path: hdfs://namenode:9000/user/data/dataset.csv, range: 0-4194304, partition values: [empty row]
26/04/07 15:20:12 INFO Executor: Finished task 1.0 in stage 14.0 (TID 14). 2519 bytes result sent to driver
26/04/07 15:20:12 INFO TaskSetManager: Finished task 1.0 in stage 14.0 (TID 14) in 123 ms on namenode (executor driver) (1/2)
26/04/07 15:20:12 INFO Executor: Finished task 0.0 in stage 14.0 (TID 13). 2605 bytes result sent to driver
26/04/07 15:20:12 INFO TaskSetManager: Finished task 0.0 in stage 14.0 (TID 13) in 176 ms on namenode (executor driver) (2/2)
26/04/07 15:20:12 INFO TaskSchedulerImpl: Removed TaskSet 14.0, whose tasks have all completed, from pool 
26/04/07 15:20:12 INFO DAGScheduler: ShuffleMapStage 14 (count at NativeMethodAccessorImpl.java:0) finished in 0.183 s
26/04/07 15:20:12 INFO DAGScheduler: looking for newly runnable stages
26/04/07 15:20:12 INFO DAGScheduler: running: Set()
26/04/07 15:20:12 INFO DAGScheduler: waiting: Set()
26/04/07 15:20:12 INFO DAGScheduler: failed: Set()
26/04/07 15:20:12 INFO ShufflePartitionsUtil: For shuffle(4), advisory target size: 67108864, actual target size 1048576, minimum partition size: 1048576
26/04/07 15:20:12 INFO CodeGenerator: Code generated in 15.763173 ms
26/04/07 15:20:12 INFO DAGScheduler: Registering RDD 40 (count at NativeMethodAccessorImpl.java:0) as input to shuffle 5
26/04/07 15:20:12 INFO DAGScheduler: Got map stage job 10 (count at NativeMethodAccessorImpl.java:0) with 1 output partitions
26/04/07 15:20:12 INFO DAGScheduler: Final stage: ShuffleMapStage 16 (count at NativeMethodAccessorImpl.java:0)
26/04/07 15:20:12 INFO DAGScheduler: Parents of final stage: List(ShuffleMapStage 15)
26/04/07 15:20:12 INFO DAGScheduler: Missing parents: List()
26/04/07 15:20:12 INFO DAGScheduler: Submitting ShuffleMapStage 16 (MapPartitionsRDD[40] at count at NativeMethodAccessorImpl.java:0), which has no missing parents
26/04/07 15:20:12 INFO MemoryStore: Block broadcast_16 stored as values in memory (estimated size 46.9 KiB, free 433.8 MiB)
26/04/07 15:20:12 INFO MemoryStore: Block broadcast_16_piece0 stored as bytes in memory (estimated size 21.8 KiB, free 433.8 MiB)
26/04/07 15:20:12 INFO BlockManagerInfo: Added broadcast_16_piece0 in memory on namenode:38035 (size: 21.8 KiB, free: 434.3 MiB)
26/04/07 15:20:12 INFO SparkContext: Created broadcast 16 from broadcast at DAGScheduler.scala:1580
26/04/07 15:20:12 INFO DAGScheduler: Submitting 1 missing tasks from ShuffleMapStage 16 (MapPartitionsRDD[40] at count at NativeMethodAccessorImpl.java:0) (first 15 tasks are for partitions Vector(0))
26/04/07 15:20:12 INFO TaskSchedulerImpl: Adding task set 16.0 with 1 tasks resource profile 0
26/04/07 15:20:12 INFO TaskSetManager: Starting task 0.0 in stage 16.0 (TID 15) (namenode, executor driver, partition 0, NODE_LOCAL, 7604 bytes) 
26/04/07 15:20:12 INFO Executor: Running task 0.0 in stage 16.0 (TID 15)
26/04/07 15:20:12 INFO ShuffleBlockFetcherIterator: Getting 2 (320.0 B) non-empty blocks including 2 (320.0 B) local and 0 (0.0 B) host-local and 0 (0.0 B) push-merged-local and 0 (0.0 B) remote blocks
26/04/07 15:20:12 INFO ShuffleBlockFetcherIterator: Started 0 remote fetches in 0 ms
26/04/07 15:20:12 INFO CodeGenerator: Code generated in 14.34189 ms
26/04/07 15:20:12 INFO Executor: Finished task 0.0 in stage 16.0 (TID 15). 5591 bytes result sent to driver
26/04/07 15:20:12 INFO TaskSetManager: Finished task 0.0 in stage 16.0 (TID 15) in 32 ms on namenode (executor driver) (1/1)
26/04/07 15:20:12 INFO TaskSchedulerImpl: Removed TaskSet 16.0, whose tasks have all completed, from pool 
26/04/07 15:20:12 INFO DAGScheduler: ShuffleMapStage 16 (count at NativeMethodAccessorImpl.java:0) finished in 0.040 s
26/04/07 15:20:12 INFO DAGScheduler: looking for newly runnable stages
26/04/07 15:20:12 INFO DAGScheduler: running: Set()
26/04/07 15:20:12 INFO DAGScheduler: waiting: Set()
26/04/07 15:20:12 INFO DAGScheduler: failed: Set()
26/04/07 15:20:12 INFO SparkContext: Starting job: count at NativeMethodAccessorImpl.java:0
26/04/07 15:20:12 INFO DAGScheduler: Got job 11 (count at NativeMethodAccessorImpl.java:0) with 1 output partitions
26/04/07 15:20:12 INFO DAGScheduler: Final stage: ResultStage 19 (count at NativeMethodAccessorImpl.java:0)
26/04/07 15:20:12 INFO DAGScheduler: Parents of final stage: List(ShuffleMapStage 18)
26/04/07 15:20:12 INFO DAGScheduler: Missing parents: List()
26/04/07 15:20:12 INFO DAGScheduler: Submitting ResultStage 19 (MapPartitionsRDD[43] at count at NativeMethodAccessorImpl.java:0), which has no missing parents
26/04/07 15:20:12 INFO MemoryStore: Block broadcast_17 stored as values in memory (estimated size 12.5 KiB, free 433.8 MiB)
26/04/07 15:20:12 INFO MemoryStore: Block broadcast_17_piece0 stored as bytes in memory (estimated size 6.0 KiB, free 433.8 MiB)
26/04/07 15:20:12 INFO BlockManagerInfo: Added broadcast_17_piece0 in memory on namenode:38035 (size: 6.0 KiB, free: 434.3 MiB)
26/04/07 15:20:12 INFO SparkContext: Created broadcast 17 from broadcast at DAGScheduler.scala:1580
26/04/07 15:20:12 INFO DAGScheduler: Submitting 1 missing tasks from ResultStage 19 (MapPartitionsRDD[43] at count at NativeMethodAccessorImpl.java:0) (first 15 tasks are for partitions Vector(0))
26/04/07 15:20:12 INFO TaskSchedulerImpl: Adding task set 19.0 with 1 tasks resource profile 0
26/04/07 15:20:12 INFO TaskSetManager: Starting task 0.0 in stage 19.0 (TID 16) (namenode, executor driver, partition 0, NODE_LOCAL, 7615 bytes) 
26/04/07 15:20:12 INFO Executor: Running task 0.0 in stage 19.0 (TID 16)
26/04/07 15:20:12 INFO ShuffleBlockFetcherIterator: Getting 1 (60.0 B) non-empty blocks including 1 (60.0 B) local and 0 (0.0 B) host-local and 0 (0.0 B) push-merged-local and 0 (0.0 B) remote blocks
26/04/07 15:20:12 INFO ShuffleBlockFetcherIterator: Started 0 remote fetches in 0 ms
26/04/07 15:20:12 INFO Executor: Finished task 0.0 in stage 19.0 (TID 16). 3995 bytes result sent to driver
26/04/07 15:20:12 INFO TaskSetManager: Finished task 0.0 in stage 19.0 (TID 16) in 8 ms on namenode (executor driver) (1/1)
26/04/07 15:20:12 INFO TaskSchedulerImpl: Removed TaskSet 19.0, whose tasks have all completed, from pool 
26/04/07 15:20:12 INFO DAGScheduler: ResultStage 19 (count at NativeMethodAccessorImpl.java:0) finished in 0.014 s
26/04/07 15:20:12 INFO DAGScheduler: Job 11 is finished. Cancelling potential speculative or zombie tasks for this job
26/04/07 15:20:12 INFO TaskSchedulerImpl: Killing all running tasks in stage 19: Stage finished
26/04/07 15:20:12 INFO DAGScheduler: Job 11 finished: count at NativeMethodAccessorImpl.java:0, took 0.017878 s
26/04/07 15:20:12 INFO FileSourceStrategy: Pushed Filters: 
26/04/07 15:20:12 INFO FileSourceStrategy: Post-Scan Filters: 
26/04/07 15:20:12 INFO MemoryStore: Block broadcast_18 stored as values in memory (estimated size 201.0 KiB, free 433.6 MiB)
26/04/07 15:20:12 INFO BlockManagerInfo: Removed broadcast_17_piece0 on namenode:38035 in memory (size: 6.0 KiB, free: 434.3 MiB)
26/04/07 15:20:12 INFO MemoryStore: Block broadcast_18_piece0 stored as bytes in memory (estimated size 34.7 KiB, free 433.5 MiB)
26/04/07 15:20:12 INFO BlockManagerInfo: Removed broadcast_15_piece0 on namenode:38035 in memory (size: 18.1 KiB, free: 434.3 MiB)
26/04/07 15:20:12 INFO BlockManagerInfo: Added broadcast_18_piece0 in memory on namenode:38035 (size: 34.7 KiB, free: 434.3 MiB)
26/04/07 15:20:12 INFO SparkContext: Created broadcast 18 from count at NativeMethodAccessorImpl.java:0
26/04/07 15:20:12 INFO FileSourceScanExec: Planning scan with bin packing, max size: 4194304 bytes, open cost is considered as scanning 4194304 bytes.
26/04/07 15:20:12 INFO BlockManagerInfo: Removed broadcast_16_piece0 on namenode:38035 in memory (size: 21.8 KiB, free: 434.3 MiB)
26/04/07 15:20:12 INFO BlockManagerInfo: Removed broadcast_14_piece0 on namenode:38035 in memory (size: 34.7 KiB, free: 434.3 MiB)
26/04/07 15:20:12 INFO DAGScheduler: Registering RDD 47 (count at NativeMethodAccessorImpl.java:0) as input to shuffle 6
26/04/07 15:20:12 INFO DAGScheduler: Got map stage job 12 (count at NativeMethodAccessorImpl.java:0) with 2 output partitions
26/04/07 15:20:12 INFO DAGScheduler: Final stage: ShuffleMapStage 20 (count at NativeMethodAccessorImpl.java:0)
26/04/07 15:20:12 INFO DAGScheduler: Parents of final stage: List()
26/04/07 15:20:12 INFO DAGScheduler: Missing parents: List()
26/04/07 15:20:12 INFO DAGScheduler: Submitting ShuffleMapStage 20 (MapPartitionsRDD[47] at count at NativeMethodAccessorImpl.java:0), which has no missing parents
26/04/07 15:20:12 INFO MemoryStore: Block broadcast_19 stored as values in memory (estimated size 29.2 KiB, free 433.9 MiB)
26/04/07 15:20:12 INFO MemoryStore: Block broadcast_19_piece0 stored as bytes in memory (estimated size 13.5 KiB, free 433.9 MiB)
26/04/07 15:20:12 INFO BlockManagerInfo: Added broadcast_19_piece0 in memory on namenode:38035 (size: 13.5 KiB, free: 434.3 MiB)
26/04/07 15:20:12 INFO SparkContext: Created broadcast 19 from broadcast at DAGScheduler.scala:1580
26/04/07 15:20:12 INFO DAGScheduler: Submitting 2 missing tasks from ShuffleMapStage 20 (MapPartitionsRDD[47] at count at NativeMethodAccessorImpl.java:0) (first 15 tasks are for partitions Vector(0, 1))
26/04/07 15:20:12 INFO TaskSchedulerImpl: Adding task set 20.0 with 2 tasks resource profile 0
26/04/07 15:20:12 INFO TaskSetManager: Starting task 0.0 in stage 20.0 (TID 17) (namenode, executor driver, partition 0, ANY, 8209 bytes) 
26/04/07 15:20:12 INFO TaskSetManager: Starting task 1.0 in stage 20.0 (TID 18) (namenode, executor driver, partition 1, ANY, 8209 bytes) 
26/04/07 15:20:12 INFO Executor: Running task 0.0 in stage 20.0 (TID 17)
26/04/07 15:20:12 INFO Executor: Running task 1.0 in stage 20.0 (TID 18)
26/04/07 15:20:12 INFO FileScanRDD: Reading File path: hdfs://namenode:9000/user/data/dataset.csv, range: 0-4194304, partition values: [empty row]
26/04/07 15:20:12 INFO FileScanRDD: Reading File path: hdfs://namenode:9000/user/data/dataset.csv, range: 4194304-6727825, partition values: [empty row]
26/04/07 15:20:12 INFO Executor: Finished task 1.0 in stage 20.0 (TID 18). 2605 bytes result sent to driver
26/04/07 15:20:12 INFO TaskSetManager: Finished task 1.0 in stage 20.0 (TID 18) in 85 ms on namenode (executor driver) (1/2)
26/04/07 15:20:12 INFO Executor: Finished task 0.0 in stage 20.0 (TID 17). 2562 bytes result sent to driver
26/04/07 15:20:12 INFO TaskSetManager: Finished task 0.0 in stage 20.0 (TID 17) in 119 ms on namenode (executor driver) (2/2)
26/04/07 15:20:12 INFO TaskSchedulerImpl: Removed TaskSet 20.0, whose tasks have all completed, from pool 
26/04/07 15:20:12 INFO DAGScheduler: ShuffleMapStage 20 (count at NativeMethodAccessorImpl.java:0) finished in 0.127 s
26/04/07 15:20:12 INFO DAGScheduler: looking for newly runnable stages
26/04/07 15:20:12 INFO DAGScheduler: running: Set()
26/04/07 15:20:12 INFO DAGScheduler: waiting: Set()
26/04/07 15:20:12 INFO DAGScheduler: failed: Set()
26/04/07 15:20:12 INFO ShufflePartitionsUtil: For shuffle(6), advisory target size: 67108864, actual target size 1048576, minimum partition size: 1048576
26/04/07 15:20:12 INFO DAGScheduler: Registering RDD 50 (count at NativeMethodAccessorImpl.java:0) as input to shuffle 7
26/04/07 15:20:12 INFO DAGScheduler: Got map stage job 13 (count at NativeMethodAccessorImpl.java:0) with 1 output partitions
26/04/07 15:20:12 INFO DAGScheduler: Final stage: ShuffleMapStage 22 (count at NativeMethodAccessorImpl.java:0)
26/04/07 15:20:12 INFO DAGScheduler: Parents of final stage: List(ShuffleMapStage 21)
26/04/07 15:20:12 INFO DAGScheduler: Missing parents: List()
26/04/07 15:20:12 INFO DAGScheduler: Submitting ShuffleMapStage 22 (MapPartitionsRDD[50] at count at NativeMethodAccessorImpl.java:0), which has no missing parents
26/04/07 15:20:12 INFO MemoryStore: Block broadcast_20 stored as values in memory (estimated size 45.7 KiB, free 433.8 MiB)
26/04/07 15:20:12 INFO MemoryStore: Block broadcast_20_piece0 stored as bytes in memory (estimated size 21.2 KiB, free 433.8 MiB)
26/04/07 15:20:12 INFO BlockManagerInfo: Added broadcast_20_piece0 in memory on namenode:38035 (size: 21.2 KiB, free: 434.3 MiB)
26/04/07 15:20:12 INFO SparkContext: Created broadcast 20 from broadcast at DAGScheduler.scala:1580
26/04/07 15:20:12 INFO DAGScheduler: Submitting 1 missing tasks from ShuffleMapStage 22 (MapPartitionsRDD[50] at count at NativeMethodAccessorImpl.java:0) (first 15 tasks are for partitions Vector(0))
26/04/07 15:20:12 INFO TaskSchedulerImpl: Adding task set 22.0 with 1 tasks resource profile 0
26/04/07 15:20:12 INFO TaskSetManager: Starting task 0.0 in stage 22.0 (TID 19) (namenode, executor driver, partition 0, NODE_LOCAL, 7604 bytes) 
26/04/07 15:20:12 INFO Executor: Running task 0.0 in stage 22.0 (TID 19)
26/04/07 15:20:12 INFO ShuffleBlockFetcherIterator: Getting 2 (550.0 B) non-empty blocks including 2 (550.0 B) local and 0 (0.0 B) host-local and 0 (0.0 B) push-merged-local and 0 (0.0 B) remote blocks
26/04/07 15:20:12 INFO ShuffleBlockFetcherIterator: Started 0 remote fetches in 0 ms
26/04/07 15:20:12 INFO Executor: Finished task 0.0 in stage 22.0 (TID 19). 5591 bytes result sent to driver
26/04/07 15:20:12 INFO TaskSetManager: Finished task 0.0 in stage 22.0 (TID 19) in 12 ms on namenode (executor driver) (1/1)
26/04/07 15:20:12 INFO TaskSchedulerImpl: Removed TaskSet 22.0, whose tasks have all completed, from pool 
26/04/07 15:20:12 INFO DAGScheduler: ShuffleMapStage 22 (count at NativeMethodAccessorImpl.java:0) finished in 0.018 s
26/04/07 15:20:12 INFO DAGScheduler: looking for newly runnable stages
26/04/07 15:20:12 INFO DAGScheduler: running: Set()
26/04/07 15:20:12 INFO DAGScheduler: waiting: Set()
26/04/07 15:20:12 INFO DAGScheduler: failed: Set()
26/04/07 15:20:12 INFO SparkContext: Starting job: count at NativeMethodAccessorImpl.java:0
26/04/07 15:20:12 INFO DAGScheduler: Got job 14 (count at NativeMethodAccessorImpl.java:0) with 1 output partitions
26/04/07 15:20:12 INFO DAGScheduler: Final stage: ResultStage 25 (count at NativeMethodAccessorImpl.java:0)
26/04/07 15:20:12 INFO DAGScheduler: Parents of final stage: List(ShuffleMapStage 24)
26/04/07 15:20:12 INFO DAGScheduler: Missing parents: List()
26/04/07 15:20:12 INFO DAGScheduler: Submitting ResultStage 25 (MapPartitionsRDD[53] at count at NativeMethodAccessorImpl.java:0), which has no missing parents
26/04/07 15:20:12 INFO MemoryStore: Block broadcast_21 stored as values in memory (estimated size 12.5 KiB, free 433.8 MiB)
26/04/07 15:20:12 INFO MemoryStore: Block broadcast_21_piece0 stored as bytes in memory (estimated size 5.9 KiB, free 433.8 MiB)
26/04/07 15:20:12 INFO BlockManagerInfo: Added broadcast_21_piece0 in memory on namenode:38035 (size: 5.9 KiB, free: 434.3 MiB)
26/04/07 15:20:12 INFO SparkContext: Created broadcast 21 from broadcast at DAGScheduler.scala:1580
26/04/07 15:20:12 INFO DAGScheduler: Submitting 1 missing tasks from ResultStage 25 (MapPartitionsRDD[53] at count at NativeMethodAccessorImpl.java:0) (first 15 tasks are for partitions Vector(0))
26/04/07 15:20:12 INFO TaskSchedulerImpl: Adding task set 25.0 with 1 tasks resource profile 0
26/04/07 15:20:12 INFO TaskSetManager: Starting task 0.0 in stage 25.0 (TID 20) (namenode, executor driver, partition 0, NODE_LOCAL, 7615 bytes) 
26/04/07 15:20:12 INFO Executor: Running task 0.0 in stage 25.0 (TID 20)
26/04/07 15:20:12 INFO BlockManagerInfo: Removed broadcast_19_piece0 on namenode:38035 in memory (size: 13.5 KiB, free: 434.3 MiB)
26/04/07 15:20:12 INFO ShuffleBlockFetcherIterator: Getting 1 (60.0 B) non-empty blocks including 1 (60.0 B) local and 0 (0.0 B) host-local and 0 (0.0 B) push-merged-local and 0 (0.0 B) remote blocks
26/04/07 15:20:12 INFO ShuffleBlockFetcherIterator: Started 0 remote fetches in 0 ms
26/04/07 15:20:12 INFO BlockManagerInfo: Removed broadcast_20_piece0 on namenode:38035 in memory (size: 21.2 KiB, free: 434.3 MiB)
26/04/07 15:20:12 INFO Executor: Finished task 0.0 in stage 25.0 (TID 20). 3995 bytes result sent to driver
26/04/07 15:20:12 INFO TaskSetManager: Finished task 0.0 in stage 25.0 (TID 20) in 9 ms on namenode (executor driver) (1/1)
26/04/07 15:20:12 INFO TaskSchedulerImpl: Removed TaskSet 25.0, whose tasks have all completed, from pool 
26/04/07 15:20:12 INFO DAGScheduler: ResultStage 25 (count at NativeMethodAccessorImpl.java:0) finished in 0.020 s
26/04/07 15:20:12 INFO DAGScheduler: Job 14 is finished. Cancelling potential speculative or zombie tasks for this job
26/04/07 15:20:12 INFO TaskSchedulerImpl: Killing all running tasks in stage 25: Stage finished
26/04/07 15:20:12 INFO DAGScheduler: Job 14 finished: count at NativeMethodAccessorImpl.java:0, took 0.024215 s
Metrics saved to ./metrics.json
Metrics saved to /results/metrics.json

============================================================
MEMORY USAGE SUMMARY
============================================================
Initial memory:        37.29 MB
After Spark init:      37.54 MB (+0.25 MB)
After data load:       37.54 MB (+0.0 MB)
After queries:         37.54 MB
────────────────────────────────────────────────────────────
PEAK MEMORY:           37.54 MB
TOTAL INCREASE:        0.25 MB
============================================================

--- City Statistics (top 5) ---
26/04/07 15:20:12 INFO FileSourceStrategy: Pushed Filters: 
26/04/07 15:20:12 INFO FileSourceStrategy: Post-Scan Filters: 
26/04/07 15:20:12 INFO CodeGenerator: Code generated in 17.192707 ms
26/04/07 15:20:12 INFO MemoryStore: Block broadcast_22 stored as values in memory (estimated size 201.0 KiB, free 433.7 MiB)
26/04/07 15:20:12 INFO MemoryStore: Block broadcast_22_piece0 stored as bytes in memory (estimated size 34.7 KiB, free 433.7 MiB)
26/04/07 15:20:12 INFO BlockManagerInfo: Added broadcast_22_piece0 in memory on namenode:38035 (size: 34.7 KiB, free: 434.3 MiB)
26/04/07 15:20:12 INFO SparkContext: Created broadcast 22 from showString at NativeMethodAccessorImpl.java:0
26/04/07 15:20:12 INFO FileSourceScanExec: Planning scan with bin packing, max size: 4194304 bytes, open cost is considered as scanning 4194304 bytes.
26/04/07 15:20:12 INFO DAGScheduler: Registering RDD 57 (showString at NativeMethodAccessorImpl.java:0) as input to shuffle 8
26/04/07 15:20:12 INFO DAGScheduler: Got map stage job 15 (showString at NativeMethodAccessorImpl.java:0) with 2 output partitions
26/04/07 15:20:12 INFO DAGScheduler: Final stage: ShuffleMapStage 26 (showString at NativeMethodAccessorImpl.java:0)
26/04/07 15:20:12 INFO DAGScheduler: Parents of final stage: List()
26/04/07 15:20:12 INFO DAGScheduler: Missing parents: List()
26/04/07 15:20:12 INFO DAGScheduler: Submitting ShuffleMapStage 26 (MapPartitionsRDD[57] at showString at NativeMethodAccessorImpl.java:0), which has no missing parents
26/04/07 15:20:12 INFO MemoryStore: Block broadcast_23 stored as values in memory (estimated size 48.9 KiB, free 433.6 MiB)
26/04/07 15:20:12 INFO MemoryStore: Block broadcast_23_piece0 stored as bytes in memory (estimated size 21.7 KiB, free 433.6 MiB)
26/04/07 15:20:12 INFO BlockManagerInfo: Added broadcast_23_piece0 in memory on namenode:38035 (size: 21.7 KiB, free: 434.3 MiB)
26/04/07 15:20:12 INFO SparkContext: Created broadcast 23 from broadcast at DAGScheduler.scala:1580
26/04/07 15:20:12 INFO DAGScheduler: Submitting 2 missing tasks from ShuffleMapStage 26 (MapPartitionsRDD[57] at showString at NativeMethodAccessorImpl.java:0) (first 15 tasks are for partitions Vector(0, 1))
26/04/07 15:20:12 INFO TaskSchedulerImpl: Adding task set 26.0 with 2 tasks resource profile 0
26/04/07 15:20:12 INFO TaskSetManager: Starting task 0.0 in stage 26.0 (TID 21) (namenode, executor driver, partition 0, ANY, 8209 bytes) 
26/04/07 15:20:12 INFO TaskSetManager: Starting task 1.0 in stage 26.0 (TID 22) (namenode, executor driver, partition 1, ANY, 8209 bytes) 
26/04/07 15:20:12 INFO Executor: Running task 1.0 in stage 26.0 (TID 22)
26/04/07 15:20:12 INFO Executor: Running task 0.0 in stage 26.0 (TID 21)
26/04/07 15:20:12 INFO CodeGenerator: Code generated in 15.546659 ms
26/04/07 15:20:12 INFO CodeGenerator: Code generated in 3.641788 ms
26/04/07 15:20:12 INFO CodeGenerator: Code generated in 4.166417 ms
26/04/07 15:20:12 INFO BlockManagerInfo: Removed broadcast_21_piece0 on namenode:38035 in memory (size: 5.9 KiB, free: 434.3 MiB)
26/04/07 15:20:12 INFO FileScanRDD: Reading File path: hdfs://namenode:9000/user/data/dataset.csv, range: 4194304-6727825, partition values: [empty row]
26/04/07 15:20:12 INFO FileScanRDD: Reading File path: hdfs://namenode:9000/user/data/dataset.csv, range: 0-4194304, partition values: [empty row]
26/04/07 15:20:12 INFO BlockManagerInfo: Removed broadcast_18_piece0 on namenode:38035 in memory (size: 34.7 KiB, free: 434.3 MiB)
26/04/07 15:20:12 INFO CodeGenerator: Code generated in 5.593259 ms
26/04/07 15:20:12 INFO Executor: Finished task 1.0 in stage 26.0 (TID 22). 2562 bytes result sent to driver
26/04/07 15:20:12 INFO TaskSetManager: Finished task 1.0 in stage 26.0 (TID 22) in 176 ms on namenode (executor driver) (1/2)
26/04/07 15:20:12 INFO Executor: Finished task 0.0 in stage 26.0 (TID 21). 2562 bytes result sent to driver
26/04/07 15:20:12 INFO TaskSetManager: Finished task 0.0 in stage 26.0 (TID 21) in 221 ms on namenode (executor driver) (2/2)
26/04/07 15:20:12 INFO TaskSchedulerImpl: Removed TaskSet 26.0, whose tasks have all completed, from pool 
26/04/07 15:20:12 INFO DAGScheduler: ShuffleMapStage 26 (showString at NativeMethodAccessorImpl.java:0) finished in 0.229 s
26/04/07 15:20:12 INFO DAGScheduler: looking for newly runnable stages
26/04/07 15:20:12 INFO DAGScheduler: running: Set()
26/04/07 15:20:12 INFO DAGScheduler: waiting: Set()
26/04/07 15:20:12 INFO DAGScheduler: failed: Set()
26/04/07 15:20:12 INFO ShufflePartitionsUtil: For shuffle(8), advisory target size: 67108864, actual target size 1048576, minimum partition size: 1048576
26/04/07 15:20:12 INFO CodeGenerator: Code generated in 6.415907 ms
26/04/07 15:20:12 INFO HashAggregateExec: spark.sql.codegen.aggregate.map.twolevel.enabled is set to true, but current version of codegened fast hashmap does not support this aggregate.
26/04/07 15:20:12 INFO CodeGenerator: Code generated in 7.806697 ms
26/04/07 15:20:12 INFO SparkContext: Starting job: showString at NativeMethodAccessorImpl.java:0
26/04/07 15:20:12 INFO DAGScheduler: Got job 16 (showString at NativeMethodAccessorImpl.java:0) with 1 output partitions
26/04/07 15:20:12 INFO DAGScheduler: Final stage: ResultStage 28 (showString at NativeMethodAccessorImpl.java:0)
26/04/07 15:20:12 INFO DAGScheduler: Parents of final stage: List(ShuffleMapStage 27)
26/04/07 15:20:12 INFO DAGScheduler: Missing parents: List()
26/04/07 15:20:12 INFO DAGScheduler: Submitting ResultStage 28 (MapPartitionsRDD[61] at showString at NativeMethodAccessorImpl.java:0), which has no missing parents
26/04/07 15:20:12 INFO MemoryStore: Block broadcast_24 stored as values in memory (estimated size 53.8 KiB, free 433.8 MiB)
26/04/07 15:20:12 INFO MemoryStore: Block broadcast_24_piece0 stored as bytes in memory (estimated size 23.8 KiB, free 433.8 MiB)
26/04/07 15:20:12 INFO BlockManagerInfo: Added broadcast_24_piece0 in memory on namenode:38035 (size: 23.8 KiB, free: 434.3 MiB)
26/04/07 15:20:12 INFO SparkContext: Created broadcast 24 from broadcast at DAGScheduler.scala:1580
26/04/07 15:20:12 INFO DAGScheduler: Submitting 1 missing tasks from ResultStage 28 (MapPartitionsRDD[61] at showString at NativeMethodAccessorImpl.java:0) (first 15 tasks are for partitions Vector(0))
26/04/07 15:20:12 INFO TaskSchedulerImpl: Adding task set 28.0 with 1 tasks resource profile 0
26/04/07 15:20:12 INFO TaskSetManager: Starting task 0.0 in stage 28.0 (TID 23) (namenode, executor driver, partition 0, NODE_LOCAL, 7615 bytes) 
26/04/07 15:20:12 INFO Executor: Running task 0.0 in stage 28.0 (TID 23)
26/04/07 15:20:13 INFO CodeGenerator: Code generated in 4.553719 ms
26/04/07 15:20:13 INFO ShuffleBlockFetcherIterator: Getting 2 (866.0 B) non-empty blocks including 2 (866.0 B) local and 0 (0.0 B) host-local and 0 (0.0 B) push-merged-local and 0 (0.0 B) remote blocks
26/04/07 15:20:13 INFO ShuffleBlockFetcherIterator: Started 0 remote fetches in 0 ms
26/04/07 15:20:13 INFO CodeGenerator: Code generated in 10.050353 ms
26/04/07 15:20:13 INFO Executor: Finished task 0.0 in stage 28.0 (TID 23). 5475 bytes result sent to driver
26/04/07 15:20:13 INFO TaskSetManager: Finished task 0.0 in stage 28.0 (TID 23) in 59 ms on namenode (executor driver) (1/1)
26/04/07 15:20:13 INFO TaskSchedulerImpl: Removed TaskSet 28.0, whose tasks have all completed, from pool 
26/04/07 15:20:13 INFO DAGScheduler: ResultStage 28 (showString at NativeMethodAccessorImpl.java:0) finished in 0.067 s
26/04/07 15:20:13 INFO DAGScheduler: Job 16 is finished. Cancelling potential speculative or zombie tasks for this job
26/04/07 15:20:13 INFO TaskSchedulerImpl: Killing all running tasks in stage 28: Stage finished
26/04/07 15:20:13 INFO DAGScheduler: Job 16 finished: showString at NativeMethodAccessorImpl.java:0, took 0.070260 s
26/04/07 15:20:13 INFO CodeGenerator: Code generated in 4.608554 ms
26/04/07 15:20:13 INFO CodeGenerator: Code generated in 5.42712 ms
+------------+-----+------------------+------------------+
|        city|users|        avg_salary|        avg_rating|
+------------+-----+------------------+------------------+
|       Kazan|25152| 49959.06953721374| 3.005200779262091|
| Novosibirsk|25086| 50173.74902335964|2.9947105955513083|
|      Nizhny|24999| 50192.69250770031| 3.012017280691232|
|Ekaterinburg|24979|50078.805276432206|3.0082221065695074|
|         SPB|24941| 49831.75951244938|3.0044124132953813|
+------------+-----+------------------+------------------+
only showing top 5 rows


--- Active Users: 104,904 (69.9%) ---

--- Category Statistics ---
26/04/07 15:20:13 INFO FileSourceStrategy: Pushed Filters: 
26/04/07 15:20:13 INFO FileSourceStrategy: Post-Scan Filters: 
26/04/07 15:20:13 INFO CodeGenerator: Code generated in 12.824462 ms
26/04/07 15:20:13 INFO MemoryStore: Block broadcast_25 stored as values in memory (estimated size 201.0 KiB, free 433.6 MiB)
26/04/07 15:20:13 INFO MemoryStore: Block broadcast_25_piece0 stored as bytes in memory (estimated size 34.7 KiB, free 433.5 MiB)
26/04/07 15:20:13 INFO BlockManagerInfo: Added broadcast_25_piece0 in memory on namenode:38035 (size: 34.7 KiB, free: 434.2 MiB)
26/04/07 15:20:13 INFO SparkContext: Created broadcast 25 from showString at NativeMethodAccessorImpl.java:0
26/04/07 15:20:13 INFO FileSourceScanExec: Planning scan with bin packing, max size: 4194304 bytes, open cost is considered as scanning 4194304 bytes.
26/04/07 15:20:13 INFO DAGScheduler: Registering RDD 65 (showString at NativeMethodAccessorImpl.java:0) as input to shuffle 9
26/04/07 15:20:13 INFO DAGScheduler: Got map stage job 17 (showString at NativeMethodAccessorImpl.java:0) with 2 output partitions
26/04/07 15:20:13 INFO DAGScheduler: Final stage: ShuffleMapStage 29 (showString at NativeMethodAccessorImpl.java:0)
26/04/07 15:20:13 INFO DAGScheduler: Parents of final stage: List()
26/04/07 15:20:13 INFO DAGScheduler: Missing parents: List()
26/04/07 15:20:13 INFO DAGScheduler: Submitting ShuffleMapStage 29 (MapPartitionsRDD[65] at showString at NativeMethodAccessorImpl.java:0), which has no missing parents
26/04/07 15:20:13 INFO MemoryStore: Block broadcast_26 stored as values in memory (estimated size 47.0 KiB, free 433.5 MiB)
26/04/07 15:20:13 INFO MemoryStore: Block broadcast_26_piece0 stored as bytes in memory (estimated size 21.5 KiB, free 433.5 MiB)
26/04/07 15:20:13 INFO BlockManagerInfo: Added broadcast_26_piece0 in memory on namenode:38035 (size: 21.5 KiB, free: 434.2 MiB)
26/04/07 15:20:13 INFO SparkContext: Created broadcast 26 from broadcast at DAGScheduler.scala:1580
26/04/07 15:20:13 INFO BlockManagerInfo: Removed broadcast_23_piece0 on namenode:38035 in memory (size: 21.7 KiB, free: 434.2 MiB)
26/04/07 15:20:13 INFO DAGScheduler: Submitting 2 missing tasks from ShuffleMapStage 29 (MapPartitionsRDD[65] at showString at NativeMethodAccessorImpl.java:0) (first 15 tasks are for partitions Vector(0, 1))
26/04/07 15:20:13 INFO TaskSchedulerImpl: Adding task set 29.0 with 2 tasks resource profile 0
26/04/07 15:20:13 INFO TaskSetManager: Starting task 0.0 in stage 29.0 (TID 24) (namenode, executor driver, partition 0, ANY, 8209 bytes) 
26/04/07 15:20:13 INFO TaskSetManager: Starting task 1.0 in stage 29.0 (TID 25) (namenode, executor driver, partition 1, ANY, 8209 bytes) 
26/04/07 15:20:13 INFO Executor: Running task 1.0 in stage 29.0 (TID 25)
26/04/07 15:20:13 INFO Executor: Running task 0.0 in stage 29.0 (TID 24)
26/04/07 15:20:13 INFO BlockManagerInfo: Removed broadcast_24_piece0 on namenode:38035 in memory (size: 23.8 KiB, free: 434.3 MiB)
26/04/07 15:20:13 INFO BlockManagerInfo: Removed broadcast_22_piece0 on namenode:38035 in memory (size: 34.7 KiB, free: 434.3 MiB)
26/04/07 15:20:13 INFO CodeGenerator: Code generated in 18.018086 ms
26/04/07 15:20:13 INFO CodeGenerator: Code generated in 3.349163 ms
26/04/07 15:20:13 INFO CodeGenerator: Code generated in 3.678115 ms
26/04/07 15:20:13 INFO FileScanRDD: Reading File path: hdfs://namenode:9000/user/data/dataset.csv, range: 0-4194304, partition values: [empty row]
26/04/07 15:20:13 INFO FileScanRDD: Reading File path: hdfs://namenode:9000/user/data/dataset.csv, range: 4194304-6727825, partition values: [empty row]
26/04/07 15:20:13 INFO CodeGenerator: Code generated in 3.179869 ms
26/04/07 15:20:13 INFO Executor: Finished task 1.0 in stage 29.0 (TID 25). 2519 bytes result sent to driver
26/04/07 15:20:13 INFO TaskSetManager: Finished task 1.0 in stage 29.0 (TID 25) in 151 ms on namenode (executor driver) (1/2)
26/04/07 15:20:13 INFO Executor: Finished task 0.0 in stage 29.0 (TID 24). 2519 bytes result sent to driver
26/04/07 15:20:13 INFO TaskSetManager: Finished task 0.0 in stage 29.0 (TID 24) in 177 ms on namenode (executor driver) (2/2)
26/04/07 15:20:13 INFO TaskSchedulerImpl: Removed TaskSet 29.0, whose tasks have all completed, from pool 
26/04/07 15:20:13 INFO DAGScheduler: ShuffleMapStage 29 (showString at NativeMethodAccessorImpl.java:0) finished in 0.187 s
26/04/07 15:20:13 INFO DAGScheduler: looking for newly runnable stages
26/04/07 15:20:13 INFO DAGScheduler: running: Set()
26/04/07 15:20:13 INFO DAGScheduler: waiting: Set()
26/04/07 15:20:13 INFO DAGScheduler: failed: Set()
26/04/07 15:20:13 INFO ShufflePartitionsUtil: For shuffle(9), advisory target size: 67108864, actual target size 1048576, minimum partition size: 1048576
26/04/07 15:20:13 INFO HashAggregateExec: spark.sql.codegen.aggregate.map.twolevel.enabled is set to true, but current version of codegened fast hashmap does not support this aggregate.
26/04/07 15:20:13 INFO CodeGenerator: Code generated in 9.674114 ms
26/04/07 15:20:13 INFO SparkContext: Starting job: showString at NativeMethodAccessorImpl.java:0
26/04/07 15:20:13 INFO DAGScheduler: Got job 18 (showString at NativeMethodAccessorImpl.java:0) with 1 output partitions
26/04/07 15:20:13 INFO DAGScheduler: Final stage: ResultStage 31 (showString at NativeMethodAccessorImpl.java:0)
26/04/07 15:20:13 INFO DAGScheduler: Parents of final stage: List(ShuffleMapStage 30)
26/04/07 15:20:13 INFO DAGScheduler: Missing parents: List()
26/04/07 15:20:13 INFO DAGScheduler: Submitting ResultStage 31 (MapPartitionsRDD[68] at showString at NativeMethodAccessorImpl.java:0), which has no missing parents
26/04/07 15:20:13 INFO MemoryStore: Block broadcast_27 stored as values in memory (estimated size 48.9 KiB, free 433.8 MiB)
26/04/07 15:20:13 INFO MemoryStore: Block broadcast_27_piece0 stored as bytes in memory (estimated size 22.6 KiB, free 433.8 MiB)
26/04/07 15:20:13 INFO BlockManagerInfo: Added broadcast_27_piece0 in memory on namenode:38035 (size: 22.6 KiB, free: 434.3 MiB)
26/04/07 15:20:13 INFO SparkContext: Created broadcast 27 from broadcast at DAGScheduler.scala:1580
26/04/07 15:20:13 INFO BlockManagerInfo: Removed broadcast_26_piece0 on namenode:38035 in memory (size: 21.5 KiB, free: 434.3 MiB)
26/04/07 15:20:13 INFO DAGScheduler: Submitting 1 missing tasks from ResultStage 31 (MapPartitionsRDD[68] at showString at NativeMethodAccessorImpl.java:0) (first 15 tasks are for partitions Vector(0))
26/04/07 15:20:13 INFO TaskSchedulerImpl: Adding task set 31.0 with 1 tasks resource profile 0
26/04/07 15:20:13 INFO TaskSetManager: Starting task 0.0 in stage 31.0 (TID 26) (namenode, executor driver, partition 0, NODE_LOCAL, 7615 bytes) 
26/04/07 15:20:13 INFO Executor: Running task 0.0 in stage 31.0 (TID 26)
26/04/07 15:20:13 INFO ShuffleBlockFetcherIterator: Getting 2 (410.0 B) non-empty blocks including 2 (410.0 B) local and 0 (0.0 B) host-local and 0 (0.0 B) push-merged-local and 0 (0.0 B) remote blocks
26/04/07 15:20:13 INFO ShuffleBlockFetcherIterator: Started 0 remote fetches in 0 ms
26/04/07 15:20:13 INFO CodeGenerator: Code generated in 9.427551 ms
26/04/07 15:20:13 INFO Executor: Finished task 0.0 in stage 31.0 (TID 26). 5273 bytes result sent to driver
26/04/07 15:20:13 INFO TaskSetManager: Finished task 0.0 in stage 31.0 (TID 26) in 23 ms on namenode (executor driver) (1/1)
26/04/07 15:20:13 INFO TaskSchedulerImpl: Removed TaskSet 31.0, whose tasks have all completed, from pool 
26/04/07 15:20:13 INFO DAGScheduler: ResultStage 31 (showString at NativeMethodAccessorImpl.java:0) finished in 0.037 s
26/04/07 15:20:13 INFO DAGScheduler: Job 18 is finished. Cancelling potential speculative or zombie tasks for this job
26/04/07 15:20:13 INFO TaskSchedulerImpl: Killing all running tasks in stage 31: Stage finished
26/04/07 15:20:13 INFO DAGScheduler: Job 18 finished: showString at NativeMethodAccessorImpl.java:0, took 0.039738 s
26/04/07 15:20:13 INFO CodeGenerator: Code generated in 3.858771 ms
+--------+------+-----------------+
|category| count|       avg_salary|
+--------+------+-----------------+
|    High| 12471|50517.13254751022|
|     Low|  4330|50345.62147806005|
|  Medium|133199|50032.90729660133|
+--------+------+-----------------+


============================================================
COMPLETED in 7.54 seconds
============================================================
26/04/07 15:20:13 INFO SparkContext: SparkContext is stopping with exitCode 0.
26/04/07 15:20:13 INFO SparkUI: Stopped Spark web UI at http://namenode:4040
26/04/07 15:20:13 INFO MapOutputTrackerMasterEndpoint: MapOutputTrackerMasterEndpoint stopped!
26/04/07 15:20:13 INFO MemoryStore: MemoryStore cleared
26/04/07 15:20:13 INFO BlockManager: BlockManager stopped
26/04/07 15:20:13 INFO BlockManagerMaster: BlockManagerMaster stopped
26/04/07 15:20:13 INFO OutputCommitCoordinator$OutputCommitCoordinatorEndpoint: OutputCommitCoordinator stopped!
26/04/07 15:20:13 INFO SparkContext: Successfully stopped SparkContext
26/04/07 15:20:13 INFO ShutdownHookManager: Shutdown hook called
26/04/07 15:20:13 INFO ShutdownHookManager: Deleting directory /tmp/spark-448dacb1-b6cd-41f1-800a-13d67f168fe8/pyspark-e5b4bd40-98be-4607-9503-480f82e1fd14
26/04/07 15:20:13 INFO ShutdownHookManager: Deleting directory /tmp/spark-448dacb1-b6cd-41f1-800a-13d67f168fe8
26/04/07 15:20:13 INFO ShutdownHookManager: Deleting directory /tmp/spark-8f643520-7d63-42f1-a086-85d832c26be7
